<?xml version="1.0" encoding="UTF-8"?>
<!-- Generated by org.testng.reporters.JUnitReportReporter -->
<testsuite skipped="0" hostname="AKKYU01-5520" name="com.lco.qa.testcases.ProductSelectionTest" tests="4" failures="0" timestamp="30 Jan 2019 08:52:04 GMT" time="98.853" errors="0">
  <testcase name="FinalizeProduct" time="45.101" classname="com.lco.qa.testcases.ProductSelectionTest"/>
  <testcase name="ProductSelectionPageTitleTest" time="14.426" classname="com.lco.qa.testcases.ProductSelectionTest"/>
  <testcase name="validateOnePersonQuoteInfo" time="18.239" classname="com.lco.qa.testcases.ProductSelectionTest"/>
  <testcase name="selectProduct" time="21.087" classname="com.lco.qa.testcases.ProductSelectionTest"/>
</testsuite> <!-- com.lco.qa.testcases.ProductSelectionTest -->
