<?xml version="1.0" encoding="UTF-8"?>
<!-- Generated by org.testng.reporters.JUnitReportReporter -->
<testsuite skipped="0" hostname="AKKYU01-5520" name="com.lco.qa.testcases.ProductSelectionTest" tests="4" failures="0" timestamp="28 Jan 2019 16:21:46 GMT" time="296.141" errors="0">
  <testcase name="selectProduct" time="77.527" classname="com.lco.qa.testcases.ProductSelectionTest"/>
  <testcase name="validateOnePersonQuoteInfo" time="54.642" classname="com.lco.qa.testcases.ProductSelectionTest"/>
  <testcase name="ProductSelectionPageTitleTest" time="71.244" classname="com.lco.qa.testcases.ProductSelectionTest"/>
  <testcase name="FinalizeProduct" time="92.728" classname="com.lco.qa.testcases.ProductSelectionTest"/>
</testsuite> <!-- com.lco.qa.testcases.ProductSelectionTest -->
