<?xml version="1.0" encoding="UTF-8"?>
<!-- Generated by org.testng.reporters.JUnitReportReporter -->
<testsuite skipped="0" hostname="AKKYU01-5520" name="com.lco.qa.testcases.OnePersonQuoteTest" tests="2" failures="0" timestamp="30 Jan 2019 08:52:04 GMT" time="26.517" errors="0">
  <testcase name="homePageTitleTest" time="10.473" classname="com.lco.qa.testcases.OnePersonQuoteTest"/>
  <testcase name="onePersonQuoteTest" time="16.044" classname="com.lco.qa.testcases.OnePersonQuoteTest"/>
</testsuite> <!-- com.lco.qa.testcases.OnePersonQuoteTest -->
