<?xml version="1.0" encoding="UTF-8"?>
<!-- Generated by org.testng.reporters.JUnitReportReporter -->
<testsuite skipped="0" hostname="AKKYU01-5520" name="com.lco.qa.testcases.OnePersonQuoteTest" tests="2" failures="0" timestamp="28 Jan 2019 16:21:46 GMT" time="44.497" errors="0">
  <testcase name="homePageTitleTest" time="16.173" classname="com.lco.qa.testcases.OnePersonQuoteTest"/>
  <testcase name="onePersonQuoteTest" time="28.324" classname="com.lco.qa.testcases.OnePersonQuoteTest"/>
</testsuite> <!-- com.lco.qa.testcases.OnePersonQuoteTest -->
