<?xml version="1.0" encoding="UTF-8"?>
<!-- Generated by org.testng.reporters.JUnitReportReporter -->
<testsuite skipped="3" hostname="AKKYU01-5520" name="com.lco.qa.testcases.OnePersonQuoteTest" tests="5" failures="0" timestamp="10 Feb 2019 18:48:03 GMT" time="23.257" errors="0">
  <testcase name="onePersonQuoteTest11" time="12.503" classname="com.lco.qa.testcases.OnePersonQuoteTest"/>
  <testcase name="onePersonQuoteTest11" time="10.754" classname="com.lco.qa.testcases.OnePersonQuoteTest"/>
  <testcase name="homePageTitleTest" classname="com.lco.qa.testcases.OnePersonQuoteTest">
    <skipped/>
  </testcase> <!-- homePageTitleTest -->
  <testcase name="onePersonQuoteTest1" classname="com.lco.qa.testcases.OnePersonQuoteTest">
    <skipped/>
  </testcase> <!-- onePersonQuoteTest1 -->
  <testcase name="onePersonQuoteTest" classname="com.lco.qa.testcases.OnePersonQuoteTest">
    <skipped/>
  </testcase> <!-- onePersonQuoteTest -->
</testsuite> <!-- com.lco.qa.testcases.OnePersonQuoteTest -->
