<?xml version="1.0" encoding="UTF-8"?>
<!-- Generated by org.testng.reporters.JUnitReportReporter -->
<testsuite skipped="0" hostname="AKKYU01-5520" name="com.lco.qa.testcases.OnePersonQuoteTest" tests="2" failures="0" timestamp="07 Feb 2019 16:59:48 GMT" time="24.314" errors="0">
  <testcase name="homePageTitleTest" time="8.002" classname="com.lco.qa.testcases.OnePersonQuoteTest"/>
  <testcase name="onePersonQuoteTest" time="16.312" classname="com.lco.qa.testcases.OnePersonQuoteTest"/>
</testsuite> <!-- com.lco.qa.testcases.OnePersonQuoteTest -->
