<?xml version="1.0" encoding="UTF-8"?>
<!-- Generated by org.testng.reporters.JUnitReportReporter -->
<testsuite skipped="0" hostname="AKKYU01-5520" name="com.lco.qa.testcases.OnePersonQuoteTest" tests="2" failures="0" timestamp="29 Jan 2019 11:49:07 GMT" time="15.398" errors="0">
  <testcase name="homePageTitleTest" time="4.103" classname="com.lco.qa.testcases.OnePersonQuoteTest"/>
  <testcase name="onePersonQuoteTest" time="11.295" classname="com.lco.qa.testcases.OnePersonQuoteTest"/>
</testsuite> <!-- com.lco.qa.testcases.OnePersonQuoteTest -->
