<?xml version="1.0" encoding="UTF-8"?>
<!-- Generated by org.testng.reporters.JUnitReportReporter -->
<testsuite skipped="0" hostname="AKKYU01-5520" name="com.lco.qa.testcases.OnePersonQuoteTest" tests="2" failures="0" timestamp="28 Jan 2019 14:57:20 GMT" time="24.053" errors="0">
  <testcase name="onePersonQuoteTest" time="17.270" classname="com.lco.qa.testcases.OnePersonQuoteTest"/>
  <testcase name="homePageTitleTest" time="6.783" classname="com.lco.qa.testcases.OnePersonQuoteTest"/>
</testsuite> <!-- com.lco.qa.testcases.OnePersonQuoteTest -->
