<?xml version="1.0" encoding="UTF-8"?>
<!-- Generated by org.testng.reporters.JUnitReportReporter -->
<testsuite skipped="0" hostname="AKKYU01-5520" name="com.lco.qa.testcases.ProductSelectionTest" tests="4" failures="0" timestamp="28 Jan 2019 14:57:20 GMT" time="89.269" errors="0">
  <testcase name="selectProduct" time="20.371" classname="com.lco.qa.testcases.ProductSelectionTest"/>
  <testcase name="validateOnePersonQuoteInfo" time="16.039" classname="com.lco.qa.testcases.ProductSelectionTest"/>
  <testcase name="FinalizeProduct" time="39.783" classname="com.lco.qa.testcases.ProductSelectionTest"/>
  <testcase name="ProductSelectionPageTitleTest" time="13.076" classname="com.lco.qa.testcases.ProductSelectionTest"/>
</testsuite> <!-- com.lco.qa.testcases.ProductSelectionTest -->
