<?xml version="1.0" encoding="UTF-8"?>
<!-- Generated by org.testng.reporters.JUnitReportReporter -->
<testsuite skipped="0" hostname="AKKYU01-5520" name="com.lco.qa.testcases.ProductSelectionTest" tests="4" failures="0" timestamp="29 Jan 2019 11:49:07 GMT" time="237.749" errors="0">
  <testcase name="selectProduct" time="14.367" classname="com.lco.qa.testcases.ProductSelectionTest"/>
  <testcase name="ProductSelectionPageTitleTest" time="11.077" classname="com.lco.qa.testcases.ProductSelectionTest"/>
  <testcase name="validateOnePersonQuoteInfo" time="12.743" classname="com.lco.qa.testcases.ProductSelectionTest"/>
  <testcase name="FinalizeProduct" time="199.562" classname="com.lco.qa.testcases.ProductSelectionTest"/>
</testsuite> <!-- com.lco.qa.testcases.ProductSelectionTest -->
